0 info it worked if it ends with ok
1 verbose cli [ '/usr/local/Cellar/node/4.2.0/bin/node',
1 verbose cli   '/usr/local/bin/npm',
1 verbose cli   'install',
1 verbose cli   'jquery.selectBoxIt',
1 verbose cli   '--save' ]
2 info using npm@2.14.7
3 info using node@v4.2.0
4 verbose install initial load of /Users/masatoseki/Sites/projects/kitchen-sink/site/package.json
5 warn package.json the-neighbourhood-base-static@1.0.0 No description
6 warn package.json the-neighbourhood-base-static@1.0.0 No repository field.
7 warn package.json the-neighbourhood-base-static@1.0.0 No README data
8 warn package.json the-neighbourhood-base-static@1.0.0 No license field.
9 verbose installManyTop reading scoped package data from /Users/masatoseki/Sites/projects/kitchen-sink/site/node_modules/browser-sync/package.json
10 verbose installManyTop reading scoped package data from /Users/masatoseki/Sites/projects/kitchen-sink/site/node_modules/browserify/package.json
11 verbose installManyTop reading scoped package data from /Users/masatoseki/Sites/projects/kitchen-sink/site/node_modules/browserify-shim/package.json
12 verbose installManyTop reading scoped package data from /Users/masatoseki/Sites/projects/kitchen-sink/site/node_modules/fastclick/package.json
13 verbose installManyTop reading scoped package data from /Users/masatoseki/Sites/projects/kitchen-sink/site/node_modules/gulp/package.json
14 verbose installManyTop reading scoped package data from /Users/masatoseki/Sites/projects/kitchen-sink/site/node_modules/gulp-autoprefixer/package.json
15 verbose installManyTop reading scoped package data from /Users/masatoseki/Sites/projects/kitchen-sink/site/node_modules/gulp-changed/package.json
16 verbose installManyTop reading scoped package data from /Users/masatoseki/Sites/projects/kitchen-sink/site/node_modules/gulp-if/package.json
17 verbose installManyTop reading scoped package data from /Users/masatoseki/Sites/projects/kitchen-sink/site/node_modules/gulp-imagemin/package.json
18 verbose installManyTop reading scoped package data from /Users/masatoseki/Sites/projects/kitchen-sink/site/node_modules/gulp-minify-css/package.json
19 verbose installManyTop reading scoped package data from /Users/masatoseki/Sites/projects/kitchen-sink/site/node_modules/gulp-notify/package.json
20 verbose installManyTop reading scoped package data from /Users/masatoseki/Sites/projects/kitchen-sink/site/node_modules/gulp-rename/package.json
21 verbose installManyTop reading scoped package data from /Users/masatoseki/Sites/projects/kitchen-sink/site/node_modules/gulp-ruby-sass/package.json
22 verbose installManyTop reading scoped package data from /Users/masatoseki/Sites/projects/kitchen-sink/site/node_modules/gulp-sourcemaps/package.json
23 verbose installManyTop reading scoped package data from /Users/masatoseki/Sites/projects/kitchen-sink/site/node_modules/gulp-uglify/package.json
24 verbose installManyTop reading scoped package data from /Users/masatoseki/Sites/projects/kitchen-sink/site/node_modules/gulp-util/package.json
25 verbose installManyTop reading scoped package data from /Users/masatoseki/Sites/projects/kitchen-sink/site/node_modules/gulp-watch/package.json
26 verbose installManyTop reading scoped package data from /Users/masatoseki/Sites/projects/kitchen-sink/site/node_modules/inuit-block/package.json
27 verbose installManyTop reading scoped package data from /Users/masatoseki/Sites/projects/kitchen-sink/site/node_modules/inuit-box/package.json
28 verbose installManyTop reading scoped package data from /Users/masatoseki/Sites/projects/kitchen-sink/site/node_modules/inuit-box-sizing/package.json
29 verbose installManyTop reading scoped package data from /Users/masatoseki/Sites/projects/kitchen-sink/site/node_modules/inuit-buttons/package.json
30 verbose installManyTop reading scoped package data from /Users/masatoseki/Sites/projects/kitchen-sink/site/node_modules/inuit-clearfix/package.json
31 verbose installManyTop reading scoped package data from /Users/masatoseki/Sites/projects/kitchen-sink/site/node_modules/inuit-defaults/package.json
32 verbose installManyTop reading scoped package data from /Users/masatoseki/Sites/projects/kitchen-sink/site/node_modules/inuit-functions/package.json
33 verbose installManyTop reading scoped package data from /Users/masatoseki/Sites/projects/kitchen-sink/site/node_modules/inuit-headings/package.json
34 verbose installManyTop reading scoped package data from /Users/masatoseki/Sites/projects/kitchen-sink/site/node_modules/inuit-headings-trumps/package.json
35 verbose installManyTop reading scoped package data from /Users/masatoseki/Sites/projects/kitchen-sink/site/node_modules/inuit-images/package.json
36 verbose installManyTop reading scoped package data from /Users/masatoseki/Sites/projects/kitchen-sink/site/node_modules/inuit-layout/package.json
37 verbose installManyTop reading scoped package data from /Users/masatoseki/Sites/projects/kitchen-sink/site/node_modules/inuit-lists/package.json
38 verbose installManyTop reading scoped package data from /Users/masatoseki/Sites/projects/kitchen-sink/site/node_modules/inuit-media/package.json
39 verbose installManyTop reading scoped package data from /Users/masatoseki/Sites/projects/kitchen-sink/site/node_modules/inuit-mixins/package.json
40 verbose installManyTop reading scoped package data from /Users/masatoseki/Sites/projects/kitchen-sink/site/node_modules/inuit-normalize/package.json
41 verbose installManyTop reading scoped package data from /Users/masatoseki/Sites/projects/kitchen-sink/site/node_modules/inuit-page/package.json
42 verbose installManyTop reading scoped package data from /Users/masatoseki/Sites/projects/kitchen-sink/site/node_modules/inuit-reset/package.json
43 verbose installManyTop reading scoped package data from /Users/masatoseki/Sites/projects/kitchen-sink/site/node_modules/inuit-responsive-settings/package.json
44 verbose installManyTop reading scoped package data from /Users/masatoseki/Sites/projects/kitchen-sink/site/node_modules/inuit-responsive-spacing/package.json
45 verbose installManyTop reading scoped package data from /Users/masatoseki/Sites/projects/kitchen-sink/site/node_modules/inuit-responsive-tools/package.json
46 verbose installManyTop reading scoped package data from /Users/masatoseki/Sites/projects/kitchen-sink/site/node_modules/inuit-responsive-widths/package.json
47 verbose installManyTop reading scoped package data from /Users/masatoseki/Sites/projects/kitchen-sink/site/node_modules/inuit-shared/package.json
48 verbose installManyTop reading scoped package data from /Users/masatoseki/Sites/projects/kitchen-sink/site/node_modules/inuit-spacing/package.json
49 verbose installManyTop reading scoped package data from /Users/masatoseki/Sites/projects/kitchen-sink/site/node_modules/inuit-starter-kit/package.json
50 verbose installManyTop reading scoped package data from /Users/masatoseki/Sites/projects/kitchen-sink/site/node_modules/inuit-tools-widths/package.json
51 verbose installManyTop reading scoped package data from /Users/masatoseki/Sites/projects/kitchen-sink/site/node_modules/inuit-widths/package.json
52 verbose installManyTop reading scoped package data from /Users/masatoseki/Sites/projects/kitchen-sink/site/node_modules/jquery/package.json
53 verbose installManyTop reading scoped package data from /Users/masatoseki/Sites/projects/kitchen-sink/site/node_modules/pretty-hrtime/package.json
54 verbose installManyTop reading scoped package data from /Users/masatoseki/Sites/projects/kitchen-sink/site/node_modules/require-dir/package.json
55 verbose installManyTop reading scoped package data from /Users/masatoseki/Sites/projects/kitchen-sink/site/node_modules/streamify/package.json
56 verbose installManyTop reading scoped package data from /Users/masatoseki/Sites/projects/kitchen-sink/site/node_modules/velocity-animate/package.json
57 verbose installManyTop reading scoped package data from /Users/masatoseki/Sites/projects/kitchen-sink/site/node_modules/vinyl-buffer/package.json
58 verbose installManyTop reading scoped package data from /Users/masatoseki/Sites/projects/kitchen-sink/site/node_modules/vinyl-source-stream/package.json
59 verbose installManyTop reading scoped package data from /Users/masatoseki/Sites/projects/kitchen-sink/site/node_modules/watchify/package.json
60 verbose installManyTop reading scoped package data from /Users/masatoseki/Sites/projects/kitchen-sink/site/node_modules/yargs/package.json
61 info package.json fastclick@1.0.6 No license field.
62 info package.json gulp-notify@2.2.0 No license field.
63 info package.json gulp-rename@1.2.2 No license field.
64 info package.json inuit-box@0.4.4 license should be a valid SPDX license expression
65 info package.json inuit-box-sizing@0.2.0 license should be a valid SPDX license expression
66 info package.json inuit-block@0.1.2 license should be a valid SPDX license expression
67 info package.json inuit-headings@0.3.1 license should be a valid SPDX license expression
68 info package.json inuit-headings-trumps@0.1.3 license should be a valid SPDX license expression
69 info package.json inuit-clearfix@0.2.2 license should be a valid SPDX license expression
70 info package.json inuit-buttons@0.4.2 license should be a valid SPDX license expression
71 info package.json inuit-defaults@0.2.3 license should be a valid SPDX license expression
72 info package.json inuit-images@0.3.3 license should be a valid SPDX license expression
73 info package.json inuit-functions@0.2.0 license should be a valid SPDX license expression
74 info package.json inuit-layout@0.2.2 license should be a valid SPDX license expression
75 info package.json inuit-lists@0.1.0 license should be a valid SPDX license expression
76 info package.json inuit-mixins@0.2.3 license should be a valid SPDX license expression
77 info package.json inuit-media@0.4.2 license should be a valid SPDX license expression
78 info package.json inuit-reset@0.1.1 license should be a valid SPDX license expression
79 info package.json inuit-page@0.2.1 license should be a valid SPDX license expression
80 info package.json inuit-responsive-settings@0.1.5 license should be a valid SPDX license expression
81 info package.json inuit-responsive-spacing@0.0.7 license should be a valid SPDX license expression
82 info package.json inuit-responsive-tools@0.1.3 license should be a valid SPDX license expression
83 info package.json inuit-shared@0.1.5 license should be a valid SPDX license expression
84 info package.json inuit-tools-widths@0.1.4 license should be a valid SPDX license expression
85 info package.json inuit-spacing@0.7.0 license should be a valid SPDX license expression
86 info package.json inuit-starter-kit@0.2.9 license should be a valid SPDX license expression
87 info package.json inuit-widths@0.4.2 license should be a valid SPDX license expression
88 info package.json jquery@2.1.4 No license field.
89 info package.json inuit-responsive-widths@0.2.2 license should be a valid SPDX license expression
90 info package.json gulp-if@1.2.5 No license field.
91 info package.json streamify@0.2.5 No license field.
92 verbose readDependencies loading dependencies from /Users/masatoseki/Sites/projects/kitchen-sink/site/package.json
93 silly cache add args [ 'jquery.selectBoxIt', null ]
94 verbose cache add spec jquery.selectBoxIt
95 silly cache add parsed spec Result {
95 silly cache add   raw: 'jquery.selectBoxIt',
95 silly cache add   scope: null,
95 silly cache add   name: 'jquery.selectBoxIt',
95 silly cache add   rawSpec: '',
95 silly cache add   spec: '*',
95 silly cache add   type: 'range' }
96 silly addNamed jquery.selectBoxIt@*
97 verbose addNamed "*" is a valid semver range for jquery.selectBoxIt
98 silly addNameRange { name: 'jquery.selectBoxIt', range: '*', hasData: false }
99 silly mapToRegistry name jquery.selectBoxIt
100 silly mapToRegistry using default registry
101 silly mapToRegistry registry https://registry.npmjs.org/
102 silly mapToRegistry uri https://registry.npmjs.org/jquery.selectBoxIt
103 verbose addNameRange registry:https://registry.npmjs.org/jquery.selectBoxIt not in flight; fetching
104 verbose request uri https://registry.npmjs.org/jquery.selectBoxIt
105 verbose request no auth needed
106 info attempt registry request try #1 at 4:09:06 PM
107 verbose request id a18ad60250e3d9bf
108 http request GET https://registry.npmjs.org/jquery.selectBoxIt
109 http 404 https://registry.npmjs.org/jquery.selectBoxIt
110 verbose headers { 'content-type': 'application/json',
110 verbose headers   'cache-control': 'max-age=0',
110 verbose headers   'content-length': '2',
110 verbose headers   'accept-ranges': 'bytes',
110 verbose headers   date: 'Mon, 19 Oct 2015 15:09:06 GMT',
110 verbose headers   via: '1.1 varnish',
110 verbose headers   age: '0',
110 verbose headers   connection: 'keep-alive',
110 verbose headers   'x-served-by': 'cache-lhr6326-LHR',
110 verbose headers   'x-cache': 'MISS',
110 verbose headers   'x-cache-hits': '0',
110 verbose headers   'x-timer': 'S1445267346.564310,VS0,VE93' }
111 silly get cb [ 404,
111 silly get   { 'content-type': 'application/json',
111 silly get     'cache-control': 'max-age=0',
111 silly get     'content-length': '2',
111 silly get     'accept-ranges': 'bytes',
111 silly get     date: 'Mon, 19 Oct 2015 15:09:06 GMT',
111 silly get     via: '1.1 varnish',
111 silly get     age: '0',
111 silly get     connection: 'keep-alive',
111 silly get     'x-served-by': 'cache-lhr6326-LHR',
111 silly get     'x-cache': 'MISS',
111 silly get     'x-cache-hits': '0',
111 silly get     'x-timer': 'S1445267346.564310,VS0,VE93' } ]
112 verbose stack Error: Registry returned 404 for GET on https://registry.npmjs.org/jquery.selectBoxIt
112 verbose stack     at makeError (/usr/local/lib/node_modules/npm/node_modules/npm-registry-client/lib/request.js:264:12)
112 verbose stack     at CachingRegistryClient.<anonymous> (/usr/local/lib/node_modules/npm/node_modules/npm-registry-client/lib/request.js:242:14)
112 verbose stack     at Request._callback (/usr/local/lib/node_modules/npm/node_modules/npm-registry-client/lib/request.js:172:14)
112 verbose stack     at Request.self.callback (/usr/local/lib/node_modules/npm/node_modules/request/request.js:198:22)
112 verbose stack     at emitTwo (events.js:87:13)
112 verbose stack     at Request.emit (events.js:172:7)
112 verbose stack     at Request.<anonymous> (/usr/local/lib/node_modules/npm/node_modules/request/request.js:1063:14)
112 verbose stack     at emitOne (events.js:82:20)
112 verbose stack     at Request.emit (events.js:169:7)
112 verbose stack     at IncomingMessage.<anonymous> (/usr/local/lib/node_modules/npm/node_modules/request/request.js:1009:12)
113 verbose statusCode 404
114 verbose pkgid jquery.selectBoxIt
115 verbose cwd /Users/masatoseki/Sites/projects/kitchen-sink/site
116 error Darwin 14.5.0
117 error argv "/usr/local/Cellar/node/4.2.0/bin/node" "/usr/local/bin/npm" "install" "jquery.selectBoxIt" "--save"
118 error node v4.2.0
119 error npm  v2.14.7
120 error code E404
121 error 404 Registry returned 404 for GET on https://registry.npmjs.org/jquery.selectBoxIt
121 error 404
121 error 404 'jquery.selectBoxIt' is not in the npm registry.
121 error 404 Your package name is not valid, because
121 error 404
121 error 404  1. name can no longer contain capital letters
121 error 404 It was specified as a dependency of 'the-neighbourhood-base-static'
121 error 404
121 error 404 Note that you can also install from a
121 error 404 tarball, folder, http url, or git url.
122 verbose exit [ 1, true ]
